Build started 10/7/2012 3:43:38 PM.
     1>Project "H:\opencvHelloWorld\helloworld\helloworldC\helloworldC.vcxproj" on node 2 (rebuild target(s)).
     1>_PrepareForClean:
         Deleting file "Debug\helloworldC.lastbuildstate".
       InitializeBuildStatus:
         Creating "Debug\helloworldC.unsuccessfulbuild" because "AlwaysCreate" was specified.
       ClCompile:
         C:\Program Files (x86)\Microsoft Visual Studio 10.0\VC\bin\CL.exe /c /ZI /nologo /W3 /WX- /Od /Oy- /D WIN32 /D _DEBUG /D _CONSOLE /D _UNICODE /D UNICODE /Gm /EHsc /RTC1 /MDd /GS /fp:precise /Zc:wchar_t /Zc:forScope /Yc"StdAfx.h" /Fp"Debug\helloworldC.pch" /Fo"Debug\\" /Fd"Debug\vc100.pdb" /Gd /TP /analyze- /errorReport:prompt stdafx.cpp
         stdafx.cpp
         C:\Program Files (x86)\Microsoft Visual Studio 10.0\VC\bin\CL.exe /c /ZI /nologo /W3 /WX- /Od /Oy- /D WIN32 /D _DEBUG /D _CONSOLE /D _UNICODE /D UNICODE /Gm /EHsc /RTC1 /MDd /GS /fp:precise /Zc:wchar_t /Zc:forScope /Yu"StdAfx.h" /Fp"Debug\helloworldC.pch" /Fo"Debug\\" /Fd"Debug\vc100.pdb" /Gd /TP /analyze- /errorReport:prompt helloworldC.cpp
         helloworldC.cpp
     1>c:\opencv\build\include\opencv2\flann\logger.h(66): warning C4996: 'fopen': This function or variable may be unsafe. Consider using fopen_s instead. To disable deprecation, use _CRT_SECURE_NO_WARNINGS. See online help for details.
                 c:\program files (x86)\microsoft visual studio 10.0\vc\include\stdio.h(234) : see declaration of 'fopen'
       ManifestResourceCompile:
         C:\Program Files (x86)\Microsoft SDKs\Windows\v7.0A\bin\rc.exe /nologo /fo"Debug\helloworldC.exe.embed.manifest.res" Debug\helloworldC_manifest.rc 
       Link:
         C:\Program Files (x86)\Microsoft Visual Studio 10.0\VC\bin\link.exe /ERRORREPORT:PROMPT /OUT:"H:\opencvHelloWorld\helloworld\Debug\helloworldC.exe" /INCREMENTAL /NOLOGO opencv_core242d.lib opencv_highgui242d.lib kernel32.lib user32.lib gdi32.lib winspool.lib comdlg32.lib advapi32.lib shell32.lib ole32.lib oleaut32.lib uuid.lib odbc32.lib odbccp32.lib /MANIFEST /ManifestFile:"Debug\helloworldC.exe.intermediate.manifest" /MANIFESTUAC:"level='asInvoker' uiAccess='false'" /DEBUG /PDB:"H:\opencvHelloWorld\helloworld\Debug\helloworldC.pdb" /SUBSYSTEM:CONSOLE /TLBID:1 /DYNAMICBASE /NXCOMPAT /IMPLIB:"H:\opencvHelloWorld\helloworld\Debug\helloworldC.lib" /MACHINE:X86 Debug\helloworldC.exe.embed.manifest.res
         Debug\helloworldC.obj
         Debug\stdafx.obj
       Manifest:
         Deleting file "Debug\helloworldC.exe.embed.manifest".
         C:\Program Files (x86)\Microsoft SDKs\Windows\v7.0A\bin\mt.exe /nologo /verbose /out:"Debug\helloworldC.exe.embed.manifest" /manifest Debug\helloworldC.exe.intermediate.manifest
         C:\Program Files (x86)\Microsoft SDKs\Windows\v7.0A\bin\rc.exe /nologo /fo"Debug\helloworldC.exe.embed.manifest.res" Debug\helloworldC_manifest.rc 
       LinkEmbedManifest:
         C:\Program Files (x86)\Microsoft Visual Studio 10.0\VC\bin\link.exe /ERRORREPORT:PROMPT /OUT:"H:\opencvHelloWorld\helloworld\Debug\helloworldC.exe" /INCREMENTAL /NOLOGO opencv_core242d.lib opencv_highgui242d.lib kernel32.lib user32.lib gdi32.lib winspool.lib comdlg32.lib advapi32.lib shell32.lib ole32.lib oleaut32.lib uuid.lib odbc32.lib odbccp32.lib /MANIFEST /ManifestFile:"Debug\helloworldC.exe.intermediate.manifest" /MANIFESTUAC:"level='asInvoker' uiAccess='false'" /DEBUG /PDB:"H:\opencvHelloWorld\helloworld\Debug\helloworldC.pdb" /SUBSYSTEM:CONSOLE /TLBID:1 /DYNAMICBASE /NXCOMPAT /IMPLIB:"H:\opencvHelloWorld\helloworld\Debug\helloworldC.lib" /MACHINE:X86 Debug\helloworldC.exe.embed.manifest.res
         Debug\helloworldC.obj
         Debug\stdafx.obj
         helloworldC.vcxproj -> H:\opencvHelloWorld\helloworld\Debug\helloworldC.exe
       FinalizeBuildStatus:
         Deleting file "Debug\helloworldC.unsuccessfulbuild".
         Touching "Debug\helloworldC.lastbuildstate".
     1>Done Building Project "H:\opencvHelloWorld\helloworld\helloworldC\helloworldC.vcxproj" (rebuild target(s)).

Build succeeded.

Time Elapsed 00:00:02.99
