H:\OPENCVHELLOWORLD\HELLOWORLD\DEBUG\HELLOWORLDC.EXE
H:\OPENCVHELLOWORLD\HELLOWORLD\DEBUG\HELLOWORLDC.ILK
H:\OPENCVHELLOWORLD\HELLOWORLD\DEBUG\HELLOWORLDC.PDB
H:\opencvHelloWorld\helloworld\helloworldC\Debug\cl.command.1.tlog
H:\opencvHelloWorld\helloworld\helloworldC\Debug\CL.read.1.tlog
H:\opencvHelloWorld\helloworld\helloworldC\Debug\CL.write.1.tlog
H:\OPENCVHELLOWORLD\HELLOWORLD\HELLOWORLDC\DEBUG\HELLOWORLDC.EXE.EMBED.MANIFEST
H:\OPENCVHELLOWORLD\HELLOWORLD\HELLOWORLDC\DEBUG\HELLOWORLDC.EXE.EMBED.MANIFEST.RES
H:\OPENCVHELLOWORLD\HELLOWORLD\HELLOWORLDC\DEBUG\HELLOWORLDC.EXE.INTERMEDIATE.MANIFEST
H:\OPENCVHELLOWORLD\HELLOWORLD\HELLOWORLDC\DEBUG\HELLOWORLDC.OBJ
H:\OPENCVHELLOWORLD\HELLOWORLD\HELLOWORLDC\DEBUG\HELLOWORLDC.PCH
H:\opencvHelloWorld\helloworld\helloworldC\Debug\helloworldC_manifest.rc
H:\opencvHelloWorld\helloworld\helloworldC\Debug\link.5468.read.1.tlog
H:\opencvHelloWorld\helloworld\helloworldC\Debug\link.5468.write.1.tlog
H:\opencvHelloWorld\helloworld\helloworldC\Debug\link.5468-cvtres.read.1.tlog
H:\opencvHelloWorld\helloworld\helloworldC\Debug\link.5468-cvtres.write.1.tlog
H:\opencvHelloWorld\helloworld\helloworldC\Debug\link.command.1.tlog
H:\opencvHelloWorld\helloworld\helloworldC\Debug\link.read.1.tlog
H:\opencvHelloWorld\helloworld\helloworldC\Debug\link.write.1.tlog
H:\opencvHelloWorld\helloworld\helloworldC\Debug\link-cvtres.read.1.tlog
H:\opencvHelloWorld\helloworld\helloworldC\Debug\link-cvtres.write.1.tlog
H:\opencvHelloWorld\helloworld\helloworldC\Debug\mt.command.1.tlog
H:\opencvHelloWorld\helloworld\helloworldC\Debug\mt.read.1.tlog
H:\opencvHelloWorld\helloworld\helloworldC\Debug\mt.write.1.tlog
H:\opencvHelloWorld\helloworld\helloworldC\Debug\rc.command.1.tlog
H:\opencvHelloWorld\helloworld\helloworldC\Debug\rc.read.1.tlog
H:\opencvHelloWorld\helloworld\helloworldC\Debug\rc.write.1.tlog
H:\OPENCVHELLOWORLD\HELLOWORLD\HELLOWORLDC\DEBUG\STDAFX.OBJ
H:\opencvHelloWorld\helloworld\helloworldC\Debug\vc100.idb
H:\OPENCVHELLOWORLD\HELLOWORLD\HELLOWORLDC\DEBUG\VC100.PDB
